<?xml version="1.0" encoding="UTF-8"?>
<testsuite xmlns:xsi="http://www.w3.org/2001/XMLSchema-instance" xsi:noNamespaceSchemaLocation="https://maven.apache.org/surefire/maven-surefire-plugin/xsd/surefire-test-report.xsd" version="3.0.2" name="com.fraud.detection.ApplicationTests" time="5.49" tests="1" errors="0" skipped="0" failures="0" flakes="0">
  <properties>
[...]
</properties>
  <testcase name="contextLoads" classname="com.fraud.detection.ApplicationTests" time="0.577">
    <system-out><![CDATA[15:19:32.014 [main] INFO org.springframework.test.context.support.AnnotationConfigContextLoaderUtils -- Could not detect default configuration classes for test class [com.fraud.detection.ApplicationTests]: ApplicationTests does not declare any static, non-private, non-final, nested classes annotated with @Configuration.
15:19:32.094 [main] INFO org.springframework.boot.test.context.SpringBootTestContextBootstrapper -- Found @SpringBootConfiguration com.fraud.detection.FraudDetectionApplication for test class com.fraud.detection.ApplicationTests
15:19:32.175 [main] INFO org.springframework.test.context.support.AnnotationConfigContextLoaderUtils -- Could not detect default configuration classes for test class [com.fraud.detection.ApplicationTests]: ApplicationTests does not declare any static, non-private, non-final, nested classes annotated with @Configuration.
15:19:32.177 [main] INFO org.springframework.boot.test.context.SpringBootTestContextBootstrapper -- Found @SpringBootConfiguration com.fraud.detection.FraudDetectionApplication for test class com.fraud.detection.ApplicationTests

  .   ____          _            __ _ _
 /\\ / ___'_ __ _ _(_)_ __  __ _ \ \ \ \
( ( )\___ | '_ | '_| | '_ \/ _` | \ \ \ \
 \\/  ___)| |_)| | | | | || (_| |  ) ) ) )
  '  |____| .__|_| |_|_| |_\__, | / / / /
 =========|_|==============|___/=/_/_/_/

 :: Spring Boot ::                (v4.1.0)

2026-08-21T15:19:32.588+05:30  INFO 17548 --- [ai-fraud-detection] [           main] com.fraud.detection.ApplicationTests     : Starting ApplicationTests using Java 17.0.16 with PID 17548 (started by relfo in D:\Payments\ai-fraud-detection)
2026-08-21T15:19:32.590+05:30  INFO 17548 --- [ai-fraud-detection] [           main] com.fraud.detection.ApplicationTests     : No active profile set, falling back to 1 default profile: "default"
2026-08-21T15:19:33.312+05:30  INFO 17548 --- [ai-fraud-detection] [           main] .s.d.r.c.RepositoryConfigurationDelegate : Multiple Spring Data modules found, entering strict repository configuration mode
2026-08-21T15:19:33.313+05:30  INFO 17548 --- [ai-fraud-detection] [           main] .s.d.r.c.RepositoryConfigurationDelegate : Bootstrapping Spring Data JPA repositories in DEFAULT mode.
2026-08-21T15:19:33.337+05:30  INFO 17548 --- [ai-fraud-detection] [           main] .s.d.r.c.RepositoryConfigurationDelegate : Finished Spring Data repository scanning in 16 ms. Found 0 JPA repository interfaces.
2026-08-21T15:19:33.394+05:30  INFO 17548 --- [ai-fraud-detection] [           main] .s.d.r.c.RepositoryConfigurationDelegate : Multiple Spring Data modules found, entering strict repository configuration mode
2026-08-21T15:19:33.395+05:30  INFO 17548 --- [ai-fraud-detection] [           main] .s.d.r.c.RepositoryConfigurationDelegate : Bootstrapping Spring Data Redis repositories in DEFAULT mode.
2026-08-21T15:19:33.408+05:30  INFO 17548 --- [ai-fraud-detection] [           main] .s.d.r.c.RepositoryConfigurationDelegate : Finished Spring Data repository scanning in 2 ms. Found 0 Redis repository interfaces.
2026-08-21T15:19:33.955+05:30  INFO 17548 --- [ai-fraud-detection] [           main] org.hibernate.orm.jpa                    : HHH008540: Processing PersistenceUnitInfo [name: default]
2026-08-21T15:19:34.018+05:30  INFO 17548 --- [ai-fraud-detection] [           main] org.hibernate.orm.core                   : HHH000001: Hibernate ORM core version 7.4.1.Final
2026-08-21T15:19:34.522+05:30  INFO 17548 --- [ai-fraud-detection] [           main] o.s.o.j.p.SpringPersistenceUnitInfo      : No LoadTimeWeaver setup: ignoring JPA class transformer
2026-08-21T15:19:34.549+05:30  INFO 17548 --- [ai-fraud-detection] [           main] com.zaxxer.hikari.HikariDataSource       : HikariPool-1 - Starting...
2026-08-21T15:19:34.814+05:30  INFO 17548 --- [ai-fraud-detection] [           main] com.zaxxer.hikari.pool.HikariPool        : HikariPool-1 - Added connection com.mysql.cj.jdbc.ConnectionImpl@2674ca88
2026-08-21T15:19:34.818+05:30  INFO 17548 --- [ai-fraud-detection] [           main] com.zaxxer.hikari.HikariDataSource       : HikariPool-1 - Start completed.
2026-08-21T15:19:34.890+05:30  INFO 17548 --- [ai-fraud-detection] [           main] org.hibernate.orm.connections.pooling    : HHH10001005: Database info:
	Database JDBC URL [jdbc:mysql://localhost:3306/payment_platform]
	Database driver: MySQL Connector/J
	Database dialect: MySQLDialect
	Database version: 8.0.37
	Default catalog/schema: payment_platform/undefined
	Autocommit mode: undefined/unknown
	Isolation level: REPEATABLE_READ [default REPEATABLE_READ]
	JDBC fetch size: none
	Pool: DataSourceConnectionProvider
	Minimum pool size: undefined/unknown
	Maximum pool size: undefined/unknown
2026-08-21T15:19:35.401+05:30  INFO 17548 --- [ai-fraud-detection] [           main] org.hibernate.orm.core                   : HHH000489: No JTA platform available (set 'hibernate.transaction.jta.platform' to enable JTA platform integration)
2026-08-21T15:19:35.460+05:30  INFO 17548 --- [ai-fraud-detection] [           main] j.LocalContainerEntityManagerFactoryBean : Initialized JPA EntityManagerFactory for persistence unit 'default'
>>> PaymentCreatedConsumer bean created
2026-08-21T15:19:35.568+05:30  WARN 17548 --- [ai-fraud-detection] [           main] JpaBaseConfiguration$JpaWebConfiguration : spring.jpa.open-in-view is enabled by default. Therefore, database queries may be performed during view rendering. Explicitly configure spring.jpa.open-in-view to disable this warning
2026-08-21T15:19:36.687+05:30  INFO 17548 --- [ai-fraud-detection] [           main] com.fraud.detection.ApplicationTests     : Started ApplicationTests in 4.451 seconds (process running for 5.486)
]]></system-out>
  </testcase>
</testsuite>